<?xml version="1.0" encoding="UTF-8"?>
<!-- Generated by org.testng.reporters.JUnitXMLReporter -->
<testsuite ignored="2" hostname="kajal-verma" failures="0" tests="2" name="Test" time="32.936" errors="0" timestamp="2025-08-03T13:06:12 IST">
  <testcase classname="org.testing.testscript.TestCase1" name="tc1" time="9.645"/>
  <testcase classname="org.testing.testscript.TestCase2" name="tc2" time="14.621"/>
  <testcase classname="org.testing.base.base" name="@BeforeSuite beforesuite" time="0.0">
    <ignored/>
  </testcase> <!-- @BeforeSuite beforesuite -->
  <testcase classname="org.testing.base.base" name="@AfterSuite aftersuite" time="0.0">
    <ignored/>
  </testcase> <!-- @AfterSuite aftersuite -->
</testsuite> <!-- Test -->
