<?xml version="1.0" encoding="UTF-8"?>
<testsuite xmlns:xsi="http://www.w3.org/2001/XMLSchema-instance" xsi:noNamespaceSchemaLocation="https://maven.apache.org/surefire/maven-surefire-plugin/xsd/surefire-test-report-3.0.xsd" version="3.0" name="TestSuite" time="52.582" tests="2" errors="0" skipped="0" failures="0">
  <properties>
[...]
</properties>
  <testcase name="tc1" classname="org.testing.testscript.TestCase1" time="30.351">
    <system-out><![CDATA[testcase 1 started...verifying product detail and visibility
13:20:25 [main] INFO  org.testing.testscript.TestCase1 - test case 1 started..verifying product detail and visibility
13:20:49 [main] INFO  org.testing.testscript.TestCase1 -  Navigated to Home page
13:20:49 [main] INFO  org.testing.testscript.TestCase1 - current url is https://www.automationexercise.com/products
https://www.automationexercise.com/products
13:20:49 [main] INFO  org.testing.testscript.TestCase1 -  verifying current url
13:20:49 [main] INFO  org.testing.testscript.TestCase1 - url sucessfully verified
Navigated to home page
13:20:49 [main] INFO  org.testing.testscript.TestCase1 - sucessfully Navigate to Home page
13:20:49 [main] INFO  org.testing.testscript.TestCase1 -  Navigated to product page
13:20:49 [main] INFO  org.testing.testscript.TestCase1 - Entered Tshirt in search box
Searched for 'tshirt'
13:20:49 [main] INFO  org.testing.testscript.TestCase1 - click on search button
13:20:52 [main] INFO  org.testing.testscript.TestCase1 - current url is https://www.automationexercise.com/products?search=tshirt
13:20:52 [main] INFO  org.testing.testscript.TestCase1 - current title is Automation Exercise - All Products
https://www.automationexercise.com/products?search=tshirt
13:20:52 [main] INFO  org.testing.testscript.TestCase1 -  verifying current url
13:20:52 [main] INFO  org.testing.testscript.TestCase1 -  sucessfully verify url
Automation Exercise - All Products
13:20:52 [main] INFO  org.testing.testscript.TestCase1 -  verifying title
13:20:52 [main] INFO  org.testing.testscript.TestCase1 - successfully verify title
13:20:52 [main] INFO  org.testing.testscript.TestCase1 - product is visible after search
13:20:54 [main] INFO  org.testing.testscript.TestCase1 - check product name is visible
Product name is visible
13:20:54 [main] INFO  org.testing.testscript.TestCase1 - product name is visible
13:20:54 [main] INFO  org.testing.testscript.TestCase1 - check product price is visible
13:20:54 [main] INFO  org.testing.testscript.TestCase1 - product price is visible
Product price is visible
13:20:54 [main] INFO  org.testing.testscript.TestCase1 - check default product quantity is 1
value 1 =>1
13:20:54 [main] INFO  org.testing.testscript.TestCase1 - default quantity is 1
product quantity is 1
13:20:54 [main] INFO  org.testing.testscript.TestCase1 - check product availability is visible
13:20:55 [main] INFO  org.testing.testscript.TestCase1 - product is available
Product availability is visible
13:20:55 [main] INFO  org.testing.testscript.TestCase1 - check product condition is visible
13:20:55 [main] INFO  org.testing.testscript.TestCase1 - product is new 
Product condition is visible
13:20:55 [main] INFO  org.testing.testscript.TestCase1 - check product brand is visible
13:20:55 [main] INFO  org.testing.testscript.TestCase1 - product brand is visible
Product brand is visible
]]></system-out>
    <system-err><![CDATA[SLF4J(W): No SLF4J providers were found.
SLF4J(W): Defaulting to no-operation (NOP) logger implementation
SLF4J(W): See https://www.slf4j.org/codes.html#noProviders for further details.
SLF4J(W): Class path contains SLF4J bindings targeting slf4j-api versions 1.7.x or earlier.
SLF4J(W): Ignoring binding found at [jar:file:/C:/Users/Nishant%20Kumar/.m2/repository/org/apache/logging/log4j/log4j-slf4j-impl/2.20.0/log4j-slf4j-impl-2.20.0.jar!/org/slf4j/impl/StaticLoggerBinder.class]
SLF4J(W): See https://www.slf4j.org/codes.html#ignoredBindings for an explanation.
]]></system-err>
  </testcase>
  <testcase name="tc2" classname="org.testing.testscript.TestCase2" time="10.949">
    <system-out><![CDATA[13:21:00 [main] INFO  org.testing.testscript.TestCase2 - Test Case2 started..Add product to cart and verify price/quantity/total
testcase 2 started...Add product to cart and verify price/quantity/total
13:21:03 [main] INFO  org.testing.testscript.TestCase2 - Navigated to Home Page successfully
Navigated to home page
https://www.automationexercise.com/products
13:21:03 [main] INFO  org.testing.testscript.TestCase2 - Entered 'tshirt' in the search box
Searched for 'tshirt'
13:21:05 [main] INFO  org.testing.testscript.TestCase2 - Clicked on Search button
https://www.automationexercise.com/products?search=tshirt
Automation Exercise - All Products
13:21:07 [main] INFO  org.testing.testscript.TestCase2 - Product is visible and clicked
13:21:08 [main] INFO  org.testing.testscript.TestCase2 - Increased quantity value: 2
value 2 =>2
product quantity is 2
13:21:10 [main] INFO  org.testing.testscript.TestCase2 - Add to cart button clicked
add product to cart
navigate to cart page
13:21:11 [main] INFO  org.testing.testscript.TestCase2 - Expected: 2598 | Actual: 2598
verify total price, actual price =>2598 expected is =>2598
product price matched
]]></system-out>
    <system-err><![CDATA[Aug 03, 2025 1:20:55 PM org.openqa.selenium.remote.http.WebSocket$Listener onError
WARNING: Connection reset
java.net.SocketException: Connection reset
	at java.base/sun.nio.ch.SocketChannelImpl.throwConnectionReset(SocketChannelImpl.java:401)
	at java.base/sun.nio.ch.SocketChannelImpl.read(SocketChannelImpl.java:434)
	at java.net.http/jdk.internal.net.http.SocketTube.readAvailable(SocketTube.java:1178)
	at java.net.http/jdk.internal.net.http.SocketTube$InternalReadPublisher$InternalReadSubscription.read(SocketTube.java:841)
	at java.net.http/jdk.internal.net.http.SocketTube$SocketFlowTask.run(SocketTube.java:181)
	at java.net.http/jdk.internal.net.http.common.SequentialScheduler$SchedulableTask.run(SequentialScheduler.java:207)
	at java.net.http/jdk.internal.net.http.common.SequentialScheduler.runOrSchedule(SequentialScheduler.java:280)
	at java.net.http/jdk.internal.net.http.common.SequentialScheduler.runOrSchedule(SequentialScheduler.java:233)
	at java.net.http/jdk.internal.net.http.SocketTube$InternalReadPublisher$InternalReadSubscription.signalReadable(SocketTube.java:782)
	at java.net.http/jdk.internal.net.http.SocketTube$InternalReadPublisher$ReadEvent.signalEvent(SocketTube.java:965)
	at java.net.http/jdk.internal.net.http.SocketTube$SocketFlowEvent.handle(SocketTube.java:253)
	at java.net.http/jdk.internal.net.http.HttpClientImpl$SelectorManager.handleEvent(HttpClientImpl.java:1469)
	at java.net.http/jdk.internal.net.http.HttpClientImpl$SelectorManager.lambda$run$3(HttpClientImpl.java:1414)
	at java.base/java.util.ArrayList.forEach(ArrayList.java:1596)
	at java.net.http/jdk.internal.net.http.HttpClientImpl$SelectorManager.run(HttpClientImpl.java:1414)

]]></system-err>
  </testcase>
</testsuite>