<?xml version="1.0" encoding="UTF-8"?>
<testng-results ignored="0" total="2" passed="2" failed="0" skipped="0">
  <reporter-output>
  </reporter-output>
  <suite started-at="2025-08-03T13:20:20 IST" name="Suite" finished-at="2025-08-03T13:21:11 IST" duration-ms="51771">
    <groups>
    </groups>
    <test started-at="2025-08-03T13:20:20 IST" name="Test" finished-at="2025-08-03T13:21:11 IST" duration-ms="51771">
      <class name="org.testing.testscript.TestCase2">
        <test-method is-config="true" signature="beforeMethod()[pri:0, instance:org.testing.testscript.TestCase2@6b81ce95]" started-at="2025-08-03T13:20:55 IST" name="beforeMethod" finished-at="2025-08-03T13:21:00 IST" duration-ms="5013" status="PASS">
          <reporter-output>
          </reporter-output>
        </test-method> <!-- beforeMethod -->
        <test-method signature="tc2()[pri:0, instance:org.testing.testscript.TestCase2@6b81ce95]" started-at="2025-08-03T13:21:00 IST" name="tc2" finished-at="2025-08-03T13:21:11 IST" duration-ms="10949" status="PASS">
          <reporter-output>
          </reporter-output>
        </test-method> <!-- tc2 -->
        <test-method is-config="true" signature="afterMethod()[pri:0, instance:org.testing.testscript.TestCase2@6b81ce95]" started-at="2025-08-03T13:21:11 IST" name="afterMethod" finished-at="2025-08-03T13:21:11 IST" duration-ms="104" status="PASS">
          <reporter-output>
          </reporter-output>
        </test-method> <!-- afterMethod -->
      </class> <!-- org.testing.testscript.TestCase2 -->
      <class name="org.testing.testscript.TestCase1">
        <test-method is-config="true" signature="beforesuite()[pri:0, instance:org.testing.testscript.TestCase1@1aa7ecca]" started-at="2025-08-03T13:20:19 IST" name="beforesuite" finished-at="2025-08-03T13:20:20 IST" duration-ms="170" status="PASS">
          <reporter-output>
          </reporter-output>
        </test-method> <!-- beforesuite -->
        <test-method is-config="true" signature="beforeMethod()[pri:0, instance:org.testing.testscript.TestCase1@1aa7ecca]" started-at="2025-08-03T13:20:20 IST" name="beforeMethod" finished-at="2025-08-03T13:20:25 IST" duration-ms="5183" status="PASS">
          <reporter-output>
          </reporter-output>
        </test-method> <!-- beforeMethod -->
        <test-method signature="tc1()[pri:0, instance:org.testing.testscript.TestCase1@1aa7ecca]" started-at="2025-08-03T13:20:25 IST" name="tc1" finished-at="2025-08-03T13:20:55 IST" duration-ms="30346" status="PASS">
          <reporter-output>
          </reporter-output>
        </test-method> <!-- tc1 -->
        <test-method is-config="true" signature="afterMethod()[pri:0, instance:org.testing.testscript.TestCase1@1aa7ecca]" started-at="2025-08-03T13:20:55 IST" name="afterMethod" finished-at="2025-08-03T13:20:55 IST" duration-ms="144" status="PASS">
          <reporter-output>
          </reporter-output>
        </test-method> <!-- afterMethod -->
        <test-method is-config="true" signature="aftersuite()[pri:0, instance:org.testing.testscript.TestCase1@1aa7ecca]" started-at="2025-08-03T13:21:11 IST" name="aftersuite" finished-at="2025-08-03T13:21:12 IST" duration-ms="260" status="PASS">
          <reporter-output>
          </reporter-output>
        </test-method> <!-- aftersuite -->
      </class> <!-- org.testing.testscript.TestCase1 -->
    </test> <!-- Test -->
  </suite> <!-- Suite -->
</testng-results>
