<?xml version="1.0" encoding="UTF-8"?>
<testng-results ignored="0" total="2" passed="2" failed="0" skipped="0">
  <reporter-output>
  </reporter-output>
  <suite started-at="2025-08-04T09:44:25 IST" name="Default suite" finished-at="2025-08-04T09:45:00 IST" duration-ms="34967">
    <groups>
    </groups>
    <test started-at="2025-08-04T09:44:25 IST" name="Default test" finished-at="2025-08-04T09:45:00 IST" duration-ms="34967">
      <class name="org.testing.testscript.TestCase1">
        <test-method is-config="true" signature="beforesuite()[pri:0, instance:org.testing.testscript.TestCase1@4b2bac3f]" started-at="2025-08-04T09:44:25 IST" name="beforesuite" finished-at="2025-08-04T09:44:25 IST" duration-ms="199" status="PASS">
          <reporter-output>
          </reporter-output>
        </test-method> <!-- beforesuite -->
        <test-method is-config="true" signature="beforeMethod()[pri:0, instance:org.testing.testscript.TestCase1@4b2bac3f]" started-at="2025-08-04T09:44:26 IST" name="beforeMethod" finished-at="2025-08-04T09:44:30 IST" duration-ms="4402" status="PASS">
          <reporter-output>
          </reporter-output>
        </test-method> <!-- beforeMethod -->
        <test-method signature="tc1(java.lang.String)[pri:0, instance:org.testing.testscript.TestCase1@4b2bac3f]" started-at="2025-08-04T09:44:30 IST" name="tc1" data-provider="testdata" finished-at="2025-08-04T09:44:38 IST" duration-ms="8179" status="PASS">
          <params>
            <param index="0">
              <value>
                <![CDATA[tshirt]]>
              </value>
            </param>
          </params>
          <reporter-output>
          </reporter-output>
        </test-method> <!-- tc1 -->
        <test-method is-config="true" signature="afterMethod()[pri:0, instance:org.testing.testscript.TestCase1@4b2bac3f]" started-at="2025-08-04T09:44:38 IST" name="afterMethod" finished-at="2025-08-04T09:44:38 IST" duration-ms="119" status="PASS">
          <reporter-output>
          </reporter-output>
        </test-method> <!-- afterMethod -->
        <test-method is-config="true" signature="beforeMethod()[pri:0, instance:org.testing.testscript.TestCase1@4b2bac3f]" started-at="2025-08-04T09:44:38 IST" name="beforeMethod" finished-at="2025-08-04T09:44:42 IST" duration-ms="3530" status="PASS">
          <reporter-output>
          </reporter-output>
        </test-method> <!-- beforeMethod -->
        <test-method signature="tc1(java.lang.String)[pri:0, instance:org.testing.testscript.TestCase1@4b2bac3f]" started-at="2025-08-04T09:44:42 IST" name="tc1" data-provider="testdata" finished-at="2025-08-04T09:45:00 IST" duration-ms="17801" status="PASS">
          <params>
            <param index="0">
              <value>
                <![CDATA[dddd]]>
              </value>
            </param>
          </params>
          <reporter-output>
          </reporter-output>
        </test-method> <!-- tc1 -->
        <test-method is-config="true" signature="afterMethod()[pri:0, instance:org.testing.testscript.TestCase1@4b2bac3f]" started-at="2025-08-04T09:45:00 IST" name="afterMethod" finished-at="2025-08-04T09:45:00 IST" duration-ms="110" status="PASS">
          <reporter-output>
          </reporter-output>
        </test-method> <!-- afterMethod -->
        <test-method is-config="true" signature="aftersuite()[pri:0, instance:org.testing.testscript.TestCase1@4b2bac3f]" started-at="2025-08-04T09:45:00 IST" name="aftersuite" finished-at="2025-08-04T09:45:00 IST" duration-ms="383" status="PASS">
          <reporter-output>
          </reporter-output>
        </test-method> <!-- aftersuite -->
      </class> <!-- org.testing.testscript.TestCase1 -->
    </test> <!-- Default test -->
  </suite> <!-- Default suite -->
</testng-results>
