<?xml version="1.0" encoding="UTF-8"?>
<testng-results ignored="0" total="2" passed="2" failed="0" skipped="0">
  <reporter-output>
  </reporter-output>
  <suite started-at="2025-08-03T13:05:39 IST" name="Suite" finished-at="2025-08-03T13:06:12 IST" duration-ms="32936">
    <groups>
    </groups>
    <test started-at="2025-08-03T13:05:39 IST" name="Test" finished-at="2025-08-03T13:06:12 IST" duration-ms="32936">
      <class name="org.testing.testscript.TestCase2">
        <test-method is-config="true" signature="beforeMethod()[pri:0, instance:org.testing.testscript.TestCase2@367ffa75]" started-at="2025-08-03T13:05:54 IST" name="beforeMethod" finished-at="2025-08-03T13:05:57 IST" duration-ms="3855" status="PASS">
          <reporter-output>
          </reporter-output>
        </test-method> <!-- beforeMethod -->
        <test-method signature="tc2()[pri:0, instance:org.testing.testscript.TestCase2@367ffa75]" started-at="2025-08-03T13:05:57 IST" name="tc2" finished-at="2025-08-03T13:06:12 IST" duration-ms="14621" status="PASS">
          <reporter-output>
          </reporter-output>
        </test-method> <!-- tc2 -->
        <test-method is-config="true" signature="afterMethod()[pri:0, instance:org.testing.testscript.TestCase2@367ffa75]" started-at="2025-08-03T13:06:12 IST" name="afterMethod" finished-at="2025-08-03T13:06:12 IST" duration-ms="120" status="PASS">
          <reporter-output>
          </reporter-output>
        </test-method> <!-- afterMethod -->
      </class> <!-- org.testing.testscript.TestCase2 -->
      <class name="org.testing.testscript.TestCase1">
        <test-method is-config="true" signature="beforesuite()[pri:0, instance:org.testing.testscript.TestCase1@bcec361]" started-at="2025-08-03T13:05:39 IST" name="beforesuite" finished-at="2025-08-03T13:05:39 IST" duration-ms="211" status="PASS">
          <reporter-output>
          </reporter-output>
        </test-method> <!-- beforesuite -->
        <test-method is-config="true" signature="beforeMethod()[pri:0, instance:org.testing.testscript.TestCase1@bcec361]" started-at="2025-08-03T13:05:39 IST" name="beforeMethod" finished-at="2025-08-03T13:05:44 IST" duration-ms="4506" status="PASS">
          <reporter-output>
          </reporter-output>
        </test-method> <!-- beforeMethod -->
        <test-method signature="tc1()[pri:0, instance:org.testing.testscript.TestCase1@bcec361]" started-at="2025-08-03T13:05:44 IST" name="tc1" finished-at="2025-08-03T13:05:53 IST" duration-ms="9645" status="PASS">
          <reporter-output>
          </reporter-output>
        </test-method> <!-- tc1 -->
        <test-method is-config="true" signature="afterMethod()[pri:0, instance:org.testing.testscript.TestCase1@bcec361]" started-at="2025-08-03T13:05:53 IST" name="afterMethod" finished-at="2025-08-03T13:05:54 IST" duration-ms="149" status="PASS">
          <reporter-output>
          </reporter-output>
        </test-method> <!-- afterMethod -->
        <test-method is-config="true" signature="aftersuite()[pri:0, instance:org.testing.testscript.TestCase1@bcec361]" started-at="2025-08-03T13:06:12 IST" name="aftersuite" finished-at="2025-08-03T13:06:12 IST" duration-ms="241" status="PASS">
          <reporter-output>
          </reporter-output>
        </test-method> <!-- aftersuite -->
      </class> <!-- org.testing.testscript.TestCase1 -->
    </test> <!-- Test -->
  </suite> <!-- Suite -->
</testng-results>
